[debug] [2024-09-23T00:27:28.667Z] ----------------------------------------------------------------------
[debug] [2024-09-23T00:27:28.677Z] Command:       C:\Program Files\nodejs\node.exe C:\Users\soul\AppData\Roaming\npm\node_modules\firebase-tools\lib\bin\firebase.js emulators:start --only functions
[debug] [2024-09-23T00:27:28.678Z] CLI Version:   13.18.0
[debug] [2024-09-23T00:27:28.679Z] Platform:      win32
[debug] [2024-09-23T00:27:28.679Z] Node Version:  v20.15.1
[debug] [2024-09-23T00:27:28.680Z] Time:          Sun Sep 22 2024 20:27:28 GMT-0400 (Eastern Daylight Time)
[debug] [2024-09-23T00:27:28.680Z] ----------------------------------------------------------------------
[debug] 
[debug] [2024-09-23T00:27:28.692Z] >>> [apiv2][query] GET https://firebase-public.firebaseio.com/cli.json [none]
[debug] [2024-09-23T00:27:29.151Z] > command requires scopes: ["email","openid","https://www.googleapis.com/auth/cloudplatformprojects.readonly","https://www.googleapis.com/auth/firebase","https://www.googleapis.com/auth/cloud-platform"]
[debug] [2024-09-23T00:27:29.151Z] > authorizing via signed-in user (selamtessera@gmail.com)
[info] i  emulators: Starting emulators: functions {"metadata":{"emulator":{"name":"hub"},"message":"Starting emulators: functions"}}
[debug] [2024-09-23T00:27:29.199Z] [logging] Logging Emulator only supports listening on one address (127.0.0.1). Not listening on ::1
[debug] [2024-09-23T00:27:29.200Z] assigned listening specs for emulators {"user":{"hub":[{"address":"127.0.0.1","family":"IPv4","port":4400},{"address":"::1","family":"IPv6","port":4400}],"ui":[{"address":"127.0.0.1","family":"IPv4","port":4000},{"address":"::1","family":"IPv6","port":4000}],"logging":[{"address":"127.0.0.1","family":"IPv4","port":4500}]},"metadata":{"message":"assigned listening specs for emulators"}}
[debug] [2024-09-23T00:27:29.223Z] [hub] writing locator at C:\Users\soul\AppData\Local\Temp\hub-clone-ii-fa077.json
[debug] [2024-09-23T00:27:29.296Z] [functions] Functions Emulator only supports listening on one address (127.0.0.1). Not listening on ::1
[debug] [2024-09-23T00:27:29.297Z] [eventarc] Eventarc Emulator only supports listening on one address (127.0.0.1). Not listening on ::1
[debug] [2024-09-23T00:27:29.297Z] [tasks] Cloud Tasks Emulator only supports listening on one address (127.0.0.1). Not listening on ::1
[debug] [2024-09-23T00:27:29.297Z] late-assigned ports for functions and eventarc emulators {"user":{"hub":[{"address":"127.0.0.1","family":"IPv4","port":4400},{"address":"::1","family":"IPv6","port":4400}],"ui":[{"address":"127.0.0.1","family":"IPv4","port":4000},{"address":"::1","family":"IPv6","port":4000}],"logging":[{"address":"127.0.0.1","family":"IPv4","port":4500}],"functions":[{"address":"127.0.0.1","family":"IPv4","port":5001}],"eventarc":[{"address":"127.0.0.1","family":"IPv4","port":9299}],"tasks":[{"address":"127.0.0.1","family":"IPv4","port":9499}]},"metadata":{"message":"late-assigned ports for functions and eventarc emulators"}}
[warn] !  functions: The following emulators are not running, calls to these services from the Functions emulator will affect production: auth, firestore, database, hosting, pubsub, storage, dataconnect {"metadata":{"emulator":{"name":"functions"},"message":"The following emulators are not running, calls to these services from the Functions emulator will affect production: \u001b[1mauth, firestore, database, hosting, pubsub, storage, dataconnect\u001b[22m"}}
[debug] [2024-09-23T00:27:29.306Z] defaultcredentials: writing to file C:\Users\soul\AppData\Roaming\firebase\selamtessera_gmail_com_application_default_credentials.json
[debug] [2024-09-23T00:27:29.318Z] Setting GAC to C:\Users\soul\AppData\Roaming\firebase\selamtessera_gmail_com_application_default_credentials.json {"metadata":{"emulator":{"name":"functions"},"message":"Setting GAC to C:\\Users\\soul\\AppData\\Roaming\\firebase\\selamtessera_gmail_com_application_default_credentials.json"}}
[debug] [2024-09-23T00:27:29.320Z] > refreshing access token with scopes: []
[debug] [2024-09-23T00:27:29.323Z] >>> [apiv2][query] POST https://www.googleapis.com/oauth2/v3/token [none]
[debug] [2024-09-23T00:27:29.323Z] >>> [apiv2][body] POST https://www.googleapis.com/oauth2/v3/token [omitted]
[debug] [2024-09-23T00:27:29.584Z] <<< [apiv2][status] GET https://firebase-public.firebaseio.com/cli.json 200
[debug] [2024-09-23T00:27:29.584Z] <<< [apiv2][body] GET https://firebase-public.firebaseio.com/cli.json {"cloudBuildErrorAfter":1594252800000,"cloudBuildWarnAfter":1590019200000,"defaultNode10After":1594252800000,"minVersion":"3.0.5","node8DeploysDisabledAfter":1613390400000,"node8RuntimeDisabledAfter":1615809600000,"node8WarnAfter":1600128000000}
[debug] [2024-09-23T00:27:29.731Z] <<< [apiv2][status] POST https://www.googleapis.com/oauth2/v3/token 200
[debug] [2024-09-23T00:27:29.732Z] <<< [apiv2][body] POST https://www.googleapis.com/oauth2/v3/token [omitted]
[debug] [2024-09-23T00:27:29.766Z] >>> [apiv2][query] GET https://firebase.googleapis.com/v1beta1/projects/clone-ii-fa077/adminSdkConfig [none]
[debug] [2024-09-23T00:27:30.397Z] <<< [apiv2][status] GET https://firebase.googleapis.com/v1beta1/projects/clone-ii-fa077/adminSdkConfig 200
[debug] [2024-09-23T00:27:30.398Z] <<< [apiv2][body] GET https://firebase.googleapis.com/v1beta1/projects/clone-ii-fa077/adminSdkConfig {"projectId":"clone-ii-fa077","storageBucket":"clone-ii-fa077.appspot.com"}
[debug] [2024-09-23T00:27:30.511Z] Ignoring unsupported arg: auto_download {"metadata":{"emulator":{"name":"ui"},"message":"Ignoring unsupported arg: auto_download"}}
[debug] [2024-09-23T00:27:30.512Z] Ignoring unsupported arg: port {"metadata":{"emulator":{"name":"ui"},"message":"Ignoring unsupported arg: port"}}
[debug] [2024-09-23T00:27:30.512Z] Starting Emulator UI with command {"binary":"node","args":["C:\\Users\\soul\\.cache\\firebase\\emulators\\ui-v1.13.0\\server\\server.mjs"],"optionalArgs":[],"joinArgs":false,"shell":false} {"metadata":{"emulator":{"name":"ui"},"message":"Starting Emulator UI with command {\"binary\":\"node\",\"args\":[\"C:\\\\Users\\\\soul\\\\.cache\\\\firebase\\\\emulators\\\\ui-v1.13.0\\\\server\\\\server.mjs\"],\"optionalArgs\":[],\"joinArgs\":false,\"shell\":false}"}}
[info] i  ui: Emulator UI logging to ui-debug.log {"metadata":{"emulator":{"name":"ui"},"message":"Emulator UI logging to \u001b[1mui-debug.log\u001b[22m"}}
[debug] [2024-09-23T00:27:31.296Z] Web / API server started at 127.0.0.1:4000
 {"metadata":{"emulator":{"name":"ui"},"message":"Web / API server started at 127.0.0.1:4000\n"}}
[debug] [2024-09-23T00:27:31.298Z] Web / API server started at ::1:4000
 {"metadata":{"emulator":{"name":"ui"},"message":"Web / API server started at ::1:4000\n"}}
[info] i  functions: Watching "C:\Users\soul\OneDrive\Desktop\EVANGADI\phase 4\Amazon-clone II\Amazon-clone-II\amazon-clone\functions" for Cloud Functions... {"metadata":{"emulator":{"name":"functions"},"message":"Watching \"C:\\Users\\soul\\OneDrive\\Desktop\\EVANGADI\\phase 4\\Amazon-clone II\\Amazon-clone-II\\amazon-clone\\functions\" for Cloud Functions..."}}
[debug] [2024-09-23T00:27:31.506Z] Validating nodejs source
[warn] !  functions: package.json indicates an outdated version of firebase-functions. Please upgrade using npm install --save firebase-functions@latest in your functions directory. 
[warn] !  functions: Please note that there will be breaking changes when you upgrade. 
[debug] [2024-09-23T00:27:35.604Z] > [functions] package.json contents: {
  "name": "functions",
  "description": "Cloud Functions for Firebase",
  "scripts": {
    "serve": "firebase emulators:start --only functions",
    "shell": "firebase functions:shell",
    "start": "npm run shell",
    "deploy": "firebase deploy --only functions",
    "logs": "firebase functions:log"
  },
  "engines": {
    "node": "18"
  },
  "main": "index.js",
  "dependencies": {
    "cors": "^2.8.5",
    "dotenv": "^16.4.5",
    "express": "^4.21.0",
    "firebase-admin": "^12.1.0",
    "firebase-functions": "^5.0.0",
    "stripe": "^16.12.0"
  },
  "devDependencies": {
    "firebase-functions-test": "^3.1.0"
  },
  "private": true
}
[debug] [2024-09-23T00:27:35.604Z] Building nodejs source
[debug] [2024-09-23T00:27:35.605Z] Failed to find version of module node: reached end of search path C:\Users\soul\OneDrive\Desktop\EVANGADI\phase 4\Amazon-clone II\Amazon-clone-II\amazon-clone\functions\node_modules
[warn] !  functions: Your requested "node" version "18" doesn't match your global version "20". Using node@20 from host. 
[info] i  functions: Loaded environment variables from .env. 
[debug] [2024-09-23T00:27:35.637Z] Could not find functions.yaml. Must use http discovery
[debug] [2024-09-23T00:27:35.673Z] Found firebase-functions binary at 'C:\Users\soul\OneDrive\Desktop\EVANGADI\phase 4\Amazon-clone II\Amazon-clone-II\amazon-clone\functions\node_modules\.bin\firebase-functions'
[info] Serving at port 8303

[debug] [2024-09-23T00:27:39.276Z] Got response from /__/functions.yaml {"endpoints":{"api":{"availableMemoryMb":null,"timeoutSeconds":null,"minInstances":null,"maxInstances":null,"ingressSettings":null,"concurrency":null,"serviceAccountEmail":null,"vpc":null,"platform":"gcfv2","labels":{},"httpsTrigger":{},"entryPoint":"api"}},"specVersion":"v1alpha1","requiredAPIs":[],"extensions":{}}
[info] +  functions: Loaded functions definitions from source: api. {"metadata":{"emulator":{"name":"functions"},"message":"Loaded functions definitions from source: api."}}
[info] +  functions[us-central1-api]: http function initialized (http://127.0.0.1:5001/clone-ii-fa077/us-central1/api). {"metadata":{"emulator":{"name":"functions"},"message":"\u001b[1mhttp\u001b[22m function initialized (http://127.0.0.1:5001/clone-ii-fa077/us-central1/api)."}}
[info] 
┌─────────────────────────────────────────────────────────────┐
│ ✔  All emulators ready! It is now safe to connect your app. │
│ i  View Emulator UI at http://127.0.0.1:4000/               │
└─────────────────────────────────────────────────────────────┘

┌───────────┬────────────────┬─────────────────────────────────┐
│ Emulator  │ Host:Port      │ View in Emulator UI             │
├───────────┼────────────────┼─────────────────────────────────┤
│ Functions │ 127.0.0.1:5001 │ http://127.0.0.1:4000/functions │
└───────────┴────────────────┴─────────────────────────────────┘
  Emulator Hub running at 127.0.0.1:4400
  Other reserved ports: 4500

Issues? Report them at https://github.com/firebase/firebase-tools/issues and attach the *-debug.log files.
 
[debug] [2024-09-23T00:28:38.397Z] [work-queue] {"queuedWork":["/clone-ii-fa077/us-central1/api-2024-09-23T00:28:38.397Z"],"queueLength":1,"runningWork":[],"workRunningCount":0}
[debug] [2024-09-23T00:28:38.400Z] [work-queue] {"queuedWork":[],"queueLength":0,"runningWork":["/clone-ii-fa077/us-central1/api-2024-09-23T00:28:38.397Z"],"workRunningCount":1}
[debug] [2024-09-23T00:28:38.402Z] Accepted request GET /clone-ii-fa077/us-central1/api --> us-central1-api
[debug] [2024-09-23T00:28:38.444Z] [functions] Runtime ready! Sending request! {"metadata":{"emulator":{"name":"functions"},"message":"[functions] Runtime ready! Sending request!"}}
[debug] [2024-09-23T00:28:38.447Z] [functions] Got req.url=/clone-ii-fa077/us-central1/api, mapping to path=/ {"metadata":{"emulator":{"name":"functions"},"message":"[functions] Got req.url=/clone-ii-fa077/us-central1/api, mapping to path=/"}}
[info] i  functions: Loaded environment variables from .env. 
[debug] [2024-09-23T00:28:38.614Z] [worker-pool] addWorker(us-central1-api) {"metadata":{"emulator":{"name":"functions"},"message":"[worker-pool] addWorker(us-central1-api)"}}
[debug] [2024-09-23T00:28:38.622Z] [worker-pool] Adding worker with key us-central1-api, total=1 {"metadata":{"emulator":{"name":"functions"},"message":"[worker-pool] Adding worker with key us-central1-api, total=1"}}
[debug] [2024-09-23T00:28:45.542Z] [runtime-status] [21624] Resolved module firebase-admin {"declared":true,"installed":true,"version":"12.5.0","resolution":"C:\\Users\\soul\\OneDrive\\Desktop\\EVANGADI\\phase 4\\Amazon-clone II\\Amazon-clone-II\\amazon-clone\\functions\\node_modules\\firebase-admin\\lib\\index.js"} {"metadata":{"emulator":{"name":"functions"},"function":{"name":"us-central1-api"},"extension":{},"message":"[runtime-status] [21624] Resolved module firebase-admin {\"declared\":true,\"installed\":true,\"version\":\"12.5.0\",\"resolution\":\"C:\\\\Users\\\\soul\\\\OneDrive\\\\Desktop\\\\EVANGADI\\\\phase 4\\\\Amazon-clone II\\\\Amazon-clone-II\\\\amazon-clone\\\\functions\\\\node_modules\\\\firebase-admin\\\\lib\\\\index.js\"}"}}
[debug] [2024-09-23T00:28:45.547Z] [runtime-status] [21624] Resolved module firebase-functions {"declared":true,"installed":true,"version":"5.1.1","resolution":"C:\\Users\\soul\\OneDrive\\Desktop\\EVANGADI\\phase 4\\Amazon-clone II\\Amazon-clone-II\\amazon-clone\\functions\\node_modules\\firebase-functions\\lib\\v1\\index.js"} {"metadata":{"emulator":{"name":"functions"},"function":{"name":"us-central1-api"},"extension":{},"message":"[runtime-status] [21624] Resolved module firebase-functions {\"declared\":true,\"installed\":true,\"version\":\"5.1.1\",\"resolution\":\"C:\\\\Users\\\\soul\\\\OneDrive\\\\Desktop\\\\EVANGADI\\\\phase 4\\\\Amazon-clone II\\\\Amazon-clone-II\\\\amazon-clone\\\\functions\\\\node_modules\\\\firebase-functions\\\\lib\\\\v1\\\\index.js\"}"}}
[debug] [2024-09-23T00:28:45.548Z] [runtime-status] [21624] Outgoing network have been stubbed. [{"name":"http","status":"mocked"},{"name":"http","status":"mocked"},{"name":"https","status":"mocked"},{"name":"https","status":"mocked"},{"name":"net","status":"mocked"}] {"metadata":{"emulator":{"name":"functions"},"function":{"name":"us-central1-api"},"extension":{},"message":"[runtime-status] [21624] Outgoing network have been stubbed. [{\"name\":\"http\",\"status\":\"mocked\"},{\"name\":\"http\",\"status\":\"mocked\"},{\"name\":\"https\",\"status\":\"mocked\"},{\"name\":\"https\",\"status\":\"mocked\"},{\"name\":\"net\",\"status\":\"mocked\"}]"}}
[debug] [2024-09-23T00:28:45.552Z] [runtime-status] [21624] Resolved module firebase-functions {"declared":true,"installed":true,"version":"5.1.1","resolution":"C:\\Users\\soul\\OneDrive\\Desktop\\EVANGADI\\phase 4\\Amazon-clone II\\Amazon-clone-II\\amazon-clone\\functions\\node_modules\\firebase-functions\\lib\\v1\\index.js"} {"metadata":{"emulator":{"name":"functions"},"function":{"name":"us-central1-api"},"extension":{},"message":"[runtime-status] [21624] Resolved module firebase-functions {\"declared\":true,\"installed\":true,\"version\":\"5.1.1\",\"resolution\":\"C:\\\\Users\\\\soul\\\\OneDrive\\\\Desktop\\\\EVANGADI\\\\phase 4\\\\Amazon-clone II\\\\Amazon-clone-II\\\\amazon-clone\\\\functions\\\\node_modules\\\\firebase-functions\\\\lib\\\\v1\\\\index.js\"}"}}
[debug] [2024-09-23T00:28:46.927Z] [runtime-status] [21624] Checked functions.config() {"config":{}} {"metadata":{"emulator":{"name":"functions"},"function":{"name":"us-central1-api"},"extension":{},"message":"[runtime-status] [21624] Checked functions.config() {\"config\":{}}"}}
[debug] [2024-09-23T00:28:46.928Z] [runtime-status] [21624] firebase-functions has been stubbed. {"functionsResolution":{"declared":true,"installed":true,"version":"5.1.1","resolution":"C:\\Users\\soul\\OneDrive\\Desktop\\EVANGADI\\phase 4\\Amazon-clone II\\Amazon-clone-II\\amazon-clone\\functions\\node_modules\\firebase-functions\\lib\\v1\\index.js"}} {"metadata":{"emulator":{"name":"functions"},"function":{"name":"us-central1-api"},"extension":{},"message":"[runtime-status] [21624] firebase-functions has been stubbed. {\"functionsResolution\":{\"declared\":true,\"installed\":true,\"version\":\"5.1.1\",\"resolution\":\"C:\\\\Users\\\\soul\\\\OneDrive\\\\Desktop\\\\EVANGADI\\\\phase 4\\\\Amazon-clone II\\\\Amazon-clone-II\\\\amazon-clone\\\\functions\\\\node_modules\\\\firebase-functions\\\\lib\\\\v1\\\\index.js\"}}"}}
[debug] [2024-09-23T00:28:46.930Z] [runtime-status] [21624] Resolved module firebase-functions {"declared":true,"installed":true,"version":"5.1.1","resolution":"C:\\Users\\soul\\OneDrive\\Desktop\\EVANGADI\\phase 4\\Amazon-clone II\\Amazon-clone-II\\amazon-clone\\functions\\node_modules\\firebase-functions\\lib\\v1\\index.js"} {"metadata":{"emulator":{"name":"functions"},"function":{"name":"us-central1-api"},"extension":{},"message":"[runtime-status] [21624] Resolved module firebase-functions {\"declared\":true,\"installed\":true,\"version\":\"5.1.1\",\"resolution\":\"C:\\\\Users\\\\soul\\\\OneDrive\\\\Desktop\\\\EVANGADI\\\\phase 4\\\\Amazon-clone II\\\\Amazon-clone-II\\\\amazon-clone\\\\functions\\\\node_modules\\\\firebase-functions\\\\lib\\\\v1\\\\index.js\"}"}}
[debug] [2024-09-23T00:28:46.936Z] [runtime-status] [21624] Resolved module firebase-admin {"declared":true,"installed":true,"version":"12.5.0","resolution":"C:\\Users\\soul\\OneDrive\\Desktop\\EVANGADI\\phase 4\\Amazon-clone II\\Amazon-clone-II\\amazon-clone\\functions\\node_modules\\firebase-admin\\lib\\index.js"} {"metadata":{"emulator":{"name":"functions"},"function":{"name":"us-central1-api"},"extension":{},"message":"[runtime-status] [21624] Resolved module firebase-admin {\"declared\":true,\"installed\":true,\"version\":\"12.5.0\",\"resolution\":\"C:\\\\Users\\\\soul\\\\OneDrive\\\\Desktop\\\\EVANGADI\\\\phase 4\\\\Amazon-clone II\\\\Amazon-clone-II\\\\amazon-clone\\\\functions\\\\node_modules\\\\firebase-admin\\\\lib\\\\index.js\"}"}}
[debug] [2024-09-23T00:28:46.953Z] [runtime-status] [21624] Resolved module firebase-functions {"declared":true,"installed":true,"version":"5.1.1","resolution":"C:\\Users\\soul\\OneDrive\\Desktop\\EVANGADI\\phase 4\\Amazon-clone II\\Amazon-clone-II\\amazon-clone\\functions\\node_modules\\firebase-functions\\lib\\v1\\index.js"} {"metadata":{"emulator":{"name":"functions"},"function":{"name":"us-central1-api"},"extension":{},"message":"[runtime-status] [21624] Resolved module firebase-functions {\"declared\":true,\"installed\":true,\"version\":\"5.1.1\",\"resolution\":\"C:\\\\Users\\\\soul\\\\OneDrive\\\\Desktop\\\\EVANGADI\\\\phase 4\\\\Amazon-clone II\\\\Amazon-clone-II\\\\amazon-clone\\\\functions\\\\node_modules\\\\firebase-functions\\\\lib\\\\v1\\\\index.js\"}"}}
[debug] [2024-09-23T00:28:46.955Z] [runtime-status] [21624] firebase-admin has been stubbed. {"adminResolution":{"declared":true,"installed":true,"version":"12.5.0","resolution":"C:\\Users\\soul\\OneDrive\\Desktop\\EVANGADI\\phase 4\\Amazon-clone II\\Amazon-clone-II\\amazon-clone\\functions\\node_modules\\firebase-admin\\lib\\index.js"}} {"metadata":{"emulator":{"name":"functions"},"function":{"name":"us-central1-api"},"extension":{},"message":"[runtime-status] [21624] firebase-admin has been stubbed. {\"adminResolution\":{\"declared\":true,\"installed\":true,\"version\":\"12.5.0\",\"resolution\":\"C:\\\\Users\\\\soul\\\\OneDrive\\\\Desktop\\\\EVANGADI\\\\phase 4\\\\Amazon-clone II\\\\Amazon-clone-II\\\\amazon-clone\\\\functions\\\\node_modules\\\\firebase-admin\\\\lib\\\\index.js\"}}"}}
[debug] [2024-09-23T00:28:47.973Z] [runtime-status] [21624] Functions runtime initialized. {"cwd":"C:\\Users\\soul\\OneDrive\\Desktop\\EVANGADI\\phase 4\\Amazon-clone II\\Amazon-clone-II\\amazon-clone\\functions","node_version":"20.15.1"} {"metadata":{"emulator":{"name":"functions"},"function":{"name":"us-central1-api"},"extension":{},"message":"[runtime-status] [21624] Functions runtime initialized. {\"cwd\":\"C:\\\\Users\\\\soul\\\\OneDrive\\\\Desktop\\\\EVANGADI\\\\phase 4\\\\Amazon-clone II\\\\Amazon-clone-II\\\\amazon-clone\\\\functions\",\"node_version\":\"20.15.1\"}"}}
[debug] [2024-09-23T00:28:47.975Z] [runtime-status] [21624] Listening to port: \\?\pipe\fire_emu_e44f639c943b374b {"metadata":{"emulator":{"name":"functions"},"function":{"name":"us-central1-api"},"extension":{},"message":"[runtime-status] [21624] Listening to port: \\\\?\\pipe\\fire_emu_e44f639c943b374b"}}
[debug] [2024-09-23T00:28:48.056Z] [worker-us-central1-api-213f5d4f-ee73-4ceb-ad55-ee1e9c69434b]: IDLE {"metadata":{"emulator":{"name":"functions"},"function":{"name":"us-central1-api"},"extension":{},"message":"[worker-us-central1-api-213f5d4f-ee73-4ceb-ad55-ee1e9c69434b]: IDLE"}}
[debug] [2024-09-23T00:28:48.057Z] [worker-pool] submitRequest(triggerId=us-central1-api) {"metadata":{"emulator":{"name":"functions"},"message":"[worker-pool] submitRequest(triggerId=us-central1-api)"}}
[info] i  functions: Beginning execution of "us-central1-api" {"metadata":{"emulator":{"name":"functions"},"function":{"name":"us-central1-api"},"extension":{},"message":"Beginning execution of \"us-central1-api\""}}
[debug] [2024-09-23T00:28:48.059Z] [worker-us-central1-api-213f5d4f-ee73-4ceb-ad55-ee1e9c69434b]: BUSY {"metadata":{"emulator":{"name":"functions"},"function":{"name":"us-central1-api"},"extension":{},"message":"[worker-us-central1-api-213f5d4f-ee73-4ceb-ad55-ee1e9c69434b]: BUSY"}}
[debug] [2024-09-23T00:28:48.085Z] Finishing up request with event=pause {"metadata":{"emulator":{"name":"functions"},"function":{"name":"us-central1-api"},"extension":{},"message":"Finishing up request with event=pause"}}
[info] i  functions: Finished "us-central1-api" in 27.1712ms {"metadata":{"emulator":{"name":"functions"},"function":{"name":"us-central1-api"},"extension":{},"message":"Finished \"us-central1-api\" in 27.1712ms"}}
[debug] [2024-09-23T00:28:48.088Z] [worker-us-central1-api-213f5d4f-ee73-4ceb-ad55-ee1e9c69434b]: IDLE {"metadata":{"emulator":{"name":"functions"},"function":{"name":"us-central1-api"},"extension":{},"message":"[worker-us-central1-api-213f5d4f-ee73-4ceb-ad55-ee1e9c69434b]: IDLE"}}
[debug] [2024-09-23T00:28:48.089Z] Finishing up request with event=finish {"metadata":{"emulator":{"name":"functions"},"function":{"name":"us-central1-api"},"extension":{},"message":"Finishing up request with event=finish"}}
[debug] [2024-09-23T00:28:48.090Z] Finishing up request with event=close {"metadata":{"emulator":{"name":"functions"},"function":{"name":"us-central1-api"},"extension":{},"message":"Finishing up request with event=close"}}
[debug] [2024-09-23T00:28:48.091Z] [work-queue] {"queuedWork":[],"queueLength":0,"runningWork":[],"workRunningCount":0}
[debug] [2024-09-23T00:28:48.611Z] Functions emulator received unknown request at path /favicon.ico
